Using pre-set license
Built from '2020.3/staging' branch; Version is '2020.3.6f1 (338bb68529b2) revision 3378102'; Using compiler version '192528614'; Build Type 'Release'
OS: 'Windows 10 Home; OS build 19043.1348; Version 2009; 64bit' Language: 'es' Physical Memory: 32689 MB
BatchMode: 1, IsHumanControllingUs: 0, StartBugReporterOnCrash: 0, Is64bit: 1, IsPro: 0

 COMMAND LINE ARGUMENTS:
C:\Program Files\Unity\Hub\Editor\2020.3.6f1\Editor\Unity.exe
-adb2
-batchMode
-noUpm
-name
AssetImportWorker0
-projectPath
E:/Proyectos/4o/Sonido/Sonido2122
-logFile
Logs/AssetImportWorker0.log
-srvPort
56056
Successfully changed project path to: E:/Proyectos/4o/Sonido/Sonido2122
E:/Proyectos/4o/Sonido/Sonido2122
Using Asset Import Pipeline V2.
Refreshing native plugins compatible for Editor in 74.73 ms, found 2 plugins.
Preloading 0 native plugins for Editor in 0.00 ms.
Initialize engine version: 2020.3.6f1 (338bb68529b2)
[Subsystems] Discovering subsystems at path C:/Program Files/Unity/Hub/Editor/2020.3.6f1/Editor/Data/Resources/UnitySubsystems
[Subsystems] Discovering subsystems at path E:/Proyectos/4o/Sonido/Sonido2122/Assets
GfxDevice: creating device client; threaded=0
Direct3D:
    Version:  Direct3D 11.0 [level 11.1]
    Renderer: NVIDIA GeForce GTX 1080 Ti (ID=0x1b06)
    Vendor:   
    VRAM:     11127 MB
    Driver:   30.0.14.7196
Initialize mono
Mono path[0] = 'C:/Program Files/Unity/Hub/Editor/2020.3.6f1/Editor/Data/Managed'
Mono path[1] = 'C:/Program Files/Unity/Hub/Editor/2020.3.6f1/Editor/Data/MonoBleedingEdge/lib/mono/unityjit'
Mono config path = 'C:/Program Files/Unity/Hub/Editor/2020.3.6f1/Editor/Data/MonoBleedingEdge/etc'
Using monoOptions --debugger-agent=transport=dt_socket,embedding=1,server=y,suspend=n,address=127.0.0.1:56920
Begin MonoManager ReloadAssembly
Registering precompiled unity dll's ...
Register platform support module: C:/Program Files/Unity/Hub/Editor/2020.3.6f1/Editor/Data/PlaybackEngines/WindowsStandaloneSupport/UnityEditor.WindowsStandalone.Extensions.dll
Registered in 0.002298 seconds.
Native extension for WindowsStandalone target not found
Refreshing native plugins compatible for Editor in 53.72 ms, found 2 plugins.
Preloading 0 native plugins for Editor in 0.00 ms.
Mono: successfully reloaded assembly
- Completed reload, in  1.029 seconds
Platform modules already initialized, skipping
Registering precompiled user dll's ...
Registered in 0.007379 seconds.
Begin MonoManager ReloadAssembly
Native extension for WindowsStandalone target not found
Refreshing native plugins compatible for Editor in 1.05 ms, found 2 plugins.
Preloading 0 native plugins for Editor in 0.00 ms.
Mono: successfully reloaded assembly
- Completed reload, in  0.813 seconds
Platform modules already initialized, skipping
========================================================================
Worker process is ready to serve import requests
Launched and connected shader compiler UnityShaderCompiler.exe after 0.05 seconds
Refreshing native plugins compatible for Editor in 0.99 ms, found 2 plugins.
Preloading 0 native plugins for Editor in 0.00 ms.
Unloading 1296 Unused Serialized files (Serialized files now loaded: 0)
System memory in use before: 137.5 MB.
System memory in use after: 137.6 MB.

Unloading 66 unused Assets to reduce memory usage. Loaded Objects now: 1800.
Total: 2.152200 ms (FindLiveObjects: 0.222700 ms CreateObjectMapping: 0.037700 ms MarkObjects: 1.792700 ms  DeleteObjects: 0.097900 ms)

========================================================================
Received Import Request.
  path: Assets/Final Sounds/BackgroundMusic.wav
  artifactKey: Guid(edbdc4001e725b44997cda2dec587db8) Importer(815301076,1909f56bfc062723c751e8b465ee728b)
Start importing Assets/Final Sounds/BackgroundMusic.wav using Guid(edbdc4001e725b44997cda2dec587db8) Importer(815301076,1909f56bfc062723c751e8b465ee728b)  -> (artifact id: 'bb8064f8b8bb1da6b9ab89a3b8e0260a') in 0.285501 seconds
  Import took 0.288586 seconds .

========================================================================
Received Import Request.
  Time since last request: 0.088102 seconds.
  path: Assets/Final Sounds/Tanque
  artifactKey: Guid(aeba7fb6a1c6f274aac57a46905fab00) Importer(815301076,1909f56bfc062723c751e8b465ee728b)
Start importing Assets/Final Sounds/Tanque using Guid(aeba7fb6a1c6f274aac57a46905fab00) Importer(815301076,1909f56bfc062723c751e8b465ee728b)  -> (artifact id: '27ca75b730f5493c999a556b2a503604') in 0.023901 seconds
  Import took 0.046902 seconds .

========================================================================
Received Import Request.
  Time since last request: 0.000177 seconds.
  path: Assets/Final Sounds/Tanque/Motor (1).ogg
  artifactKey: Guid(724373d3268213b4598eb27726a0c2f5) Importer(815301076,1909f56bfc062723c751e8b465ee728b)
Start importing Assets/Final Sounds/Tanque/Motor (1).ogg using Guid(724373d3268213b4598eb27726a0c2f5) Importer(815301076,1909f56bfc062723c751e8b465ee728b)  -> (artifact id: 'a84cf55a83ad298dc0b2add6c26ca7da') in 0.066904 seconds
  Import took 0.069179 seconds .

========================================================================
Received Import Request.
  Time since last request: 0.000216 seconds.
  path: Assets/Final Sounds/Tanque/MachineGun (3).wav
  artifactKey: Guid(0139766be2a8aae44a6dfad0d7a86f7f) Importer(815301076,1909f56bfc062723c751e8b465ee728b)
Start importing Assets/Final Sounds/Tanque/MachineGun (3).wav using Guid(0139766be2a8aae44a6dfad0d7a86f7f) Importer(815301076,1909f56bfc062723c751e8b465ee728b)  -> (artifact id: 'fb51cd6a3b0873f0cb3ee6d2363fe603') in 0.056327 seconds
  Import took 0.058392 seconds .

========================================================================
Received Import Request.
  Time since last request: 0.000198 seconds.
  path: Assets/Final Sounds/Tanque/RocketLauncher.mp3
  artifactKey: Guid(aedd2fd83537e904baa9c82103caad26) Importer(815301076,1909f56bfc062723c751e8b465ee728b)
Start importing Assets/Final Sounds/Tanque/RocketLauncher.mp3 using Guid(aedd2fd83537e904baa9c82103caad26) Importer(815301076,1909f56bfc062723c751e8b465ee728b)  -> (artifact id: '6109772b502652466fa9cb1f15835cd8') in 0.018738 seconds
  Import took 0.020762 seconds .

========================================================================
Received Import Request.
  Time since last request: 0.000225 seconds.
  path: Assets/Final Sounds/Tanque/BulletImpacts (3).wav
  artifactKey: Guid(8c6012a28aa986f428ed3402b900a998) Importer(815301076,1909f56bfc062723c751e8b465ee728b)
Start importing Assets/Final Sounds/Tanque/BulletImpacts (3).wav using Guid(8c6012a28aa986f428ed3402b900a998) Importer(815301076,1909f56bfc062723c751e8b465ee728b)  -> (artifact id: '864b6c0c82d67a7380aef687f92b80a1') in 0.059691 seconds
  Import took 0.062496 seconds .

========================================================================
Received Import Request.
  Time since last request: 0.000233 seconds.
  path: Assets/Final Sounds/Tanque/Explosion (3).wav
  artifactKey: Guid(4670875e1dd1c77488536a4800653ca9) Importer(815301076,1909f56bfc062723c751e8b465ee728b)
Start importing Assets/Final Sounds/Tanque/Explosion (3).wav using Guid(4670875e1dd1c77488536a4800653ca9) Importer(815301076,1909f56bfc062723c751e8b465ee728b)  -> (artifact id: 'aed4ace52d4240ea14fb77db13daa071') in 0.019506 seconds
  Import took 0.021815 seconds .

========================================================================
Received Import Request.
  Time since last request: 0.000182 seconds.
  path: Assets/Final Sounds/Tanque/Stomp (1).wav
  artifactKey: Guid(35b8d9b3fe239cd4399bbab97df9b424) Importer(815301076,1909f56bfc062723c751e8b465ee728b)
Start importing Assets/Final Sounds/Tanque/Stomp (1).wav using Guid(35b8d9b3fe239cd4399bbab97df9b424) Importer(815301076,1909f56bfc062723c751e8b465ee728b)  -> (artifact id: '504185ba3b1f27a837ab5fae4d9d00d6') in 0.023853 seconds
  Import took 0.026174 seconds .

========================================================================
Received Import Request.
  Time since last request: 0.000182 seconds.
  path: Assets/Final Sounds/Tanque/MachineGun (2).wav
  artifactKey: Guid(8d4f34a691750e54c9dc7417ec3664f1) Importer(815301076,1909f56bfc062723c751e8b465ee728b)
Start importing Assets/Final Sounds/Tanque/MachineGun (2).wav using Guid(8d4f34a691750e54c9dc7417ec3664f1) Importer(815301076,1909f56bfc062723c751e8b465ee728b)  -> (artifact id: 'b04072c598d69eee06c59985e545e2ef') in 0.019015 seconds
  Import took 0.021046 seconds .

========================================================================
Received Import Request.
  Time since last request: 0.000245 seconds.
  path: Assets/Final Sounds/Tanque/Motor (2).ogg
  artifactKey: Guid(40042a80355874e49917d62e6c769b8c) Importer(815301076,1909f56bfc062723c751e8b465ee728b)
Start importing Assets/Final Sounds/Tanque/Motor (2).ogg using Guid(40042a80355874e49917d62e6c769b8c) Importer(815301076,1909f56bfc062723c751e8b465ee728b)  -> (artifact id: '8923e3221585975a457909d0a3137d80') in 0.044890 seconds
  Import took 0.047160 seconds .

========================================================================
Received Import Request.
  Time since last request: 0.000167 seconds.
  path: Assets/Final Sounds/Tanque/Leg.mp3
  artifactKey: Guid(5f4fc29bc1179ae49bd4979e760ac3f5) Importer(815301076,1909f56bfc062723c751e8b465ee728b)
Start importing Assets/Final Sounds/Tanque/Leg.mp3 using Guid(5f4fc29bc1179ae49bd4979e760ac3f5) Importer(815301076,1909f56bfc062723c751e8b465ee728b)  -> (artifact id: '39720e9fa8e7cfa5e0a2a54100ce83d4') in 0.023751 seconds
  Import took 0.025751 seconds .

========================================================================
Received Import Request.
  Time since last request: 0.000153 seconds.
  path: Assets/Final Sounds/Tanque/BulletImpacts (2).wav
  artifactKey: Guid(f6f583f101aabf54f8f67d2b92d17b5e) Importer(815301076,1909f56bfc062723c751e8b465ee728b)
Start importing Assets/Final Sounds/Tanque/BulletImpacts (2).wav using Guid(f6f583f101aabf54f8f67d2b92d17b5e) Importer(815301076,1909f56bfc062723c751e8b465ee728b)  -> (artifact id: '766cebdf429e8c6fa4b7fa5b191a3e24') in 0.061307 seconds
  Import took 0.074097 seconds .

========================================================================
Received Import Request.
  Time since last request: 0.000206 seconds.
  path: Assets/Final Sounds/Tanque/MachineGun (1).wav
  artifactKey: Guid(82cfbd270de9b104693a861028f67768) Importer(815301076,1909f56bfc062723c751e8b465ee728b)
Start importing Assets/Final Sounds/Tanque/MachineGun (1).wav using Guid(82cfbd270de9b104693a861028f67768) Importer(815301076,1909f56bfc062723c751e8b465ee728b)  -> (artifact id: '0558bedf23546976546f0ee8defef774') in 0.028205 seconds
  Import took 0.030614 seconds .

========================================================================
Received Import Request.
  Time since last request: 0.000187 seconds.
  path: Assets/Final Sounds/Tanque/Motor Final.wav
  artifactKey: Guid(db186da1d7d9f9b408f8e28b889e80bd) Importer(815301076,1909f56bfc062723c751e8b465ee728b)
Start importing Assets/Final Sounds/Tanque/Motor Final.wav using Guid(db186da1d7d9f9b408f8e28b889e80bd) Importer(815301076,1909f56bfc062723c751e8b465ee728b)  -> (artifact id: '83c0cdfb7d02503717a76f2a9d7b812c') in 0.023054 seconds
  Import took 0.025389 seconds .

========================================================================
Received Import Request.
  Time since last request: 0.000164 seconds.
  path: Assets/Final Sounds/Tanque/Stomp (2).wav
  artifactKey: Guid(3cc71fe885de43242979209c774e6793) Importer(815301076,1909f56bfc062723c751e8b465ee728b)
Start importing Assets/Final Sounds/Tanque/Stomp (2).wav using Guid(3cc71fe885de43242979209c774e6793) Importer(815301076,1909f56bfc062723c751e8b465ee728b)  -> (artifact id: '71ff84d1651976c97a04e7935405e7ca') in 0.029663 seconds
  Import took 0.031815 seconds .

========================================================================
Received Import Request.
  Time since last request: 0.000179 seconds.
  path: Assets/Final Sounds/Tanque/Explosion (1).wav
  artifactKey: Guid(d240b26dd9c55f54ea67457973e90a46) Importer(815301076,1909f56bfc062723c751e8b465ee728b)
Start importing Assets/Final Sounds/Tanque/Explosion (1).wav using Guid(d240b26dd9c55f54ea67457973e90a46) Importer(815301076,1909f56bfc062723c751e8b465ee728b)  -> (artifact id: '5638ef2946657ecc006177f5d16833df') in 0.016617 seconds
  Import took 0.018863 seconds .

========================================================================
Received Import Request.
  Time since last request: 0.000237 seconds.
  path: Assets/Final Sounds/Tanque/BulletImpacts (1).wav
  artifactKey: Guid(0f066a4c569d12d499afcea709355b47) Importer(815301076,1909f56bfc062723c751e8b465ee728b)
Start importing Assets/Final Sounds/Tanque/BulletImpacts (1).wav using Guid(0f066a4c569d12d499afcea709355b47) Importer(815301076,1909f56bfc062723c751e8b465ee728b)  -> (artifact id: '87d80a674eed7458a86ab58fff34142f') in 0.046277 seconds
  Import took 0.048326 seconds .

========================================================================
Received Import Request.
  Time since last request: 0.000154 seconds.
  path: Assets/Final Sounds/Tanque/Motor (3).wav
  artifactKey: Guid(05fb60ee6b369bc488718876fc9dd839) Importer(815301076,1909f56bfc062723c751e8b465ee728b)
Start importing Assets/Final Sounds/Tanque/Motor (3).wav using Guid(05fb60ee6b369bc488718876fc9dd839) Importer(815301076,1909f56bfc062723c751e8b465ee728b)  -> (artifact id: 'b31f6e18c01455768a5c7f68311e67e3') in 0.076903 seconds
  Import took 0.080298 seconds .

========================================================================
Received Import Request.
  Time since last request: 0.000239 seconds.
  path: Assets/Final Sounds/Tanque/Missile.mp3
  artifactKey: Guid(8d3c8a9b68912ed42897c3c1af75036c) Importer(815301076,1909f56bfc062723c751e8b465ee728b)
Start importing Assets/Final Sounds/Tanque/Missile.mp3 using Guid(8d3c8a9b68912ed42897c3c1af75036c) Importer(815301076,1909f56bfc062723c751e8b465ee728b)  -> (artifact id: 'c515da7c7832be00e2b1c03116e11e90') in 0.029894 seconds
  Import took 0.032140 seconds .

========================================================================
Received Import Request.
  Time since last request: 0.000164 seconds.
  path: Assets/Final Sounds/Tanque/BulletImpacts (4).wav
  artifactKey: Guid(149f68492e00c8541a3a3d5c004ddbd0) Importer(815301076,1909f56bfc062723c751e8b465ee728b)
Start importing Assets/Final Sounds/Tanque/BulletImpacts (4).wav using Guid(149f68492e00c8541a3a3d5c004ddbd0) Importer(815301076,1909f56bfc062723c751e8b465ee728b)  -> (artifact id: 'eb034a4e52634113302763080e92385e') in 0.047518 seconds
  Import took 0.054503 seconds .

========================================================================
Received Import Request.
  Time since last request: 0.000164 seconds.
  path: Assets/Final Sounds/Tanque/Explosion (2).wav
  artifactKey: Guid(8fd0f172b80e50b42aafffe5439024f8) Importer(815301076,1909f56bfc062723c751e8b465ee728b)
Start importing Assets/Final Sounds/Tanque/Explosion (2).wav using Guid(8fd0f172b80e50b42aafffe5439024f8) Importer(815301076,1909f56bfc062723c751e8b465ee728b)  -> (artifact id: '13f01e9ee80edac84e12e3388eca4b38') in 0.035964 seconds
  Import took 0.038157 seconds .

========================================================================
Received Import Request.
  Time since last request: 4471.668526 seconds.
  path: Assets/Materials
  artifactKey: Guid(5e1a96096098c684c956a320391a5db9) Importer(815301076,1909f56bfc062723c751e8b465ee728b)
Start importing Assets/Materials using Guid(5e1a96096098c684c956a320391a5db9) Importer(815301076,1909f56bfc062723c751e8b465ee728b)  -> (artifact id: '8be31a809a206e8607b225449ca3c9df') in 0.007038 seconds
  Import took 0.009760 seconds .

========================================================================
Received Import Request.
  Time since last request: 0.057762 seconds.
  path: Assets/Materials/Body.mat
  artifactKey: Guid(8613d48078bfd74419b839d93518814c) Importer(815301076,1909f56bfc062723c751e8b465ee728b)
Start importing Assets/Materials/Body.mat using Guid(8613d48078bfd74419b839d93518814c) Importer(815301076,1909f56bfc062723c751e8b465ee728b)  -> (artifact id: 'f001d1ac6d3ca95cf3e74b12593b861c') in 0.078715 seconds
  Import took 0.100048 seconds .

========================================================================
Received Import Request.
  Time since last request: 0.000170 seconds.
  path: Assets/Materials/Metal.jpg
  artifactKey: Guid(3c4f152a8b48f4c4892ad5a3014db6e9) Importer(815301076,1909f56bfc062723c751e8b465ee728b)
Start importing Assets/Materials/Metal.jpg using Guid(3c4f152a8b48f4c4892ad5a3014db6e9) Importer(815301076,1909f56bfc062723c751e8b465ee728b)  -> (artifact id: '83abf95c436c64f9a0ec1888c360c0c7') in 0.052445 seconds
  Import took 0.054473 seconds .

========================================================================
Received Import Request.
  Time since last request: 0.000162 seconds.
  path: Assets/Materials/Red.mat
  artifactKey: Guid(b44cc4f206cebf74e8cb6db05a09590b) Importer(815301076,1909f56bfc062723c751e8b465ee728b)
Start importing Assets/Materials/Red.mat using Guid(b44cc4f206cebf74e8cb6db05a09590b) Importer(815301076,1909f56bfc062723c751e8b465ee728b)  -> (artifact id: '6cf0cef9e5b30650d97af21981495dd0') in 0.032780 seconds
  Import took 0.034835 seconds .

========================================================================
Received Prepare
Registering precompiled user dll's ...
Registered in 0.007957 seconds.
Begin MonoManager ReloadAssembly
Native extension for WindowsStandalone target not found
Refreshing native plugins compatible for Editor in 1.11 ms, found 2 plugins.
Preloading 0 native plugins for Editor in 0.00 ms.
Mono: successfully reloaded assembly
- Completed reload, in  0.783 seconds
Platform modules already initialized, skipping
Refreshing native plugins compatible for Editor in 1.16 ms, found 2 plugins.
Preloading 0 native plugins for Editor in 0.00 ms.
Unloading 1288 Unused Serialized files (Serialized files now loaded: 0)
System memory in use before: 140.5 MB.
System memory in use after: 140.6 MB.

Unloading 61 unused Assets to reduce memory usage. Loaded Objects now: 1847.
Total: 2.429200 ms (FindLiveObjects: 0.244800 ms CreateObjectMapping: 0.036700 ms MarkObjects: 2.098500 ms  DeleteObjects: 0.048100 ms)

========================================================================
Received Import Request.
  Time since last request: 147.347591 seconds.
  path: Assets/Final Sounds
  artifactKey: Guid(46ec1d300330d2c4f95767b552f82e45) Importer(815301076,1909f56bfc062723c751e8b465ee728b)
Start importing Assets/Final Sounds using Guid(46ec1d300330d2c4f95767b552f82e45) Importer(815301076,1909f56bfc062723c751e8b465ee728b)  -> (artifact id: '611f6a758cd8b03dc3a460b5c87205d4') in 0.009245 seconds
  Import took 0.011971 seconds .

========================================================================
Received Prepare
Registering precompiled user dll's ...
Registered in 0.007103 seconds.
Begin MonoManager ReloadAssembly
Native extension for WindowsStandalone target not found
Refreshing native plugins compatible for Editor in 1.13 ms, found 2 plugins.
Preloading 0 native plugins for Editor in 0.00 ms.
Mono: successfully reloaded assembly
- Completed reload, in  0.757 seconds
Platform modules already initialized, skipping
Refreshing native plugins compatible for Editor in 1.08 ms, found 2 plugins.
Preloading 0 native plugins for Editor in 0.00 ms.
Unloading 1288 Unused Serialized files (Serialized files now loaded: 0)
System memory in use before: 140.6 MB.
System memory in use after: 140.7 MB.

Unloading 61 unused Assets to reduce memory usage. Loaded Objects now: 1850.
Total: 1.906800 ms (FindLiveObjects: 0.242900 ms CreateObjectMapping: 0.107700 ms MarkObjects: 1.511300 ms  DeleteObjects: 0.043300 ms)

========================================================================
Received Prepare
Registering precompiled user dll's ...
Registered in 0.007407 seconds.
Begin MonoManager ReloadAssembly
Native extension for WindowsStandalone target not found
Refreshing native plugins compatible for Editor in 1.13 ms, found 2 plugins.
Preloading 0 native plugins for Editor in 0.00 ms.
Mono: successfully reloaded assembly
- Completed reload, in  0.759 seconds
Platform modules already initialized, skipping
Refreshing native plugins compatible for Editor in 1.04 ms, found 2 plugins.
Preloading 0 native plugins for Editor in 0.00 ms.
Unloading 1288 Unused Serialized files (Serialized files now loaded: 0)
System memory in use before: 140.6 MB.
System memory in use after: 140.7 MB.

Unloading 61 unused Assets to reduce memory usage. Loaded Objects now: 1853.
Total: 2.965600 ms (FindLiveObjects: 0.361300 ms CreateObjectMapping: 0.051700 ms MarkObjects: 2.499500 ms  DeleteObjects: 0.050900 ms)

========================================================================
Received Prepare
Registering precompiled user dll's ...
Registered in 0.007484 seconds.
Begin MonoManager ReloadAssembly
Native extension for WindowsStandalone target not found
Refreshing native plugins compatible for Editor in 1.18 ms, found 2 plugins.
Preloading 0 native plugins for Editor in 0.00 ms.
Mono: successfully reloaded assembly
- Completed reload, in  0.767 seconds
Platform modules already initialized, skipping
Refreshing native plugins compatible for Editor in 1.44 ms, found 2 plugins.
Preloading 0 native plugins for Editor in 0.00 ms.
Unloading 1288 Unused Serialized files (Serialized files now loaded: 0)
System memory in use before: 140.6 MB.
System memory in use after: 140.7 MB.

Unloading 61 unused Assets to reduce memory usage. Loaded Objects now: 1856.
Total: 1.868100 ms (FindLiveObjects: 0.257300 ms CreateObjectMapping: 0.038800 ms MarkObjects: 1.538000 ms  DeleteObjects: 0.032000 ms)

========================================================================
Received Prepare
Registering precompiled user dll's ...
Registered in 0.007318 seconds.
Begin MonoManager ReloadAssembly
Native extension for WindowsStandalone target not found
Refreshing native plugins compatible for Editor in 1.05 ms, found 2 plugins.
Preloading 0 native plugins for Editor in 0.00 ms.
Mono: successfully reloaded assembly
- Completed reload, in  0.748 seconds
Platform modules already initialized, skipping
Refreshing native plugins compatible for Editor in 1.05 ms, found 2 plugins.
Preloading 0 native plugins for Editor in 0.00 ms.
Unloading 1288 Unused Serialized files (Serialized files now loaded: 0)
System memory in use before: 140.6 MB.
System memory in use after: 140.7 MB.

Unloading 61 unused Assets to reduce memory usage. Loaded Objects now: 1859.
Total: 1.858800 ms (FindLiveObjects: 0.220600 ms CreateObjectMapping: 0.081000 ms MarkObjects: 1.520100 ms  DeleteObjects: 0.036300 ms)

========================================================================
Received Prepare
Registering precompiled user dll's ...
Registered in 0.007534 seconds.
Begin MonoManager ReloadAssembly
Native extension for WindowsStandalone target not found
Refreshing native plugins compatible for Editor in 1.17 ms, found 2 plugins.
Preloading 0 native plugins for Editor in 0.00 ms.
Mono: successfully reloaded assembly
- Completed reload, in  0.784 seconds
Platform modules already initialized, skipping
Refreshing native plugins compatible for Editor in 1.18 ms, found 2 plugins.
Preloading 0 native plugins for Editor in 0.00 ms.
Unloading 1288 Unused Serialized files (Serialized files now loaded: 0)
System memory in use before: 140.6 MB.
System memory in use after: 140.7 MB.

Unloading 61 unused Assets to reduce memory usage. Loaded Objects now: 1862.
Total: 2.059700 ms (FindLiveObjects: 0.287500 ms CreateObjectMapping: 0.038700 ms MarkObjects: 1.685400 ms  DeleteObjects: 0.045800 ms)

AssetImportWorkerClient::OnTransportError - code=2 error=End of file
